<?xml version="1.0" encoding="UTF-8"?>
<testsuites>
    <testsuite name="as-a-customer,i-want-to-be-able-to-navigate-the-landing-page-so-that-i-can-view-the-information;customer-is-tried-to-register-account" tests="5" failures="0" skipped="0">
        <properties>
            <property name="@jootza" value="true">
            </property>
            <property name="@register" value="true">
            </property>
            <property name="URI" value="C:/Users/deepa/workspace/testcase06/features/jootza.feature">
            </property>
        </properties>
        <testcase name="Given I am on the jootza page" classname="as-a-customer,i-want-to-be-able-to-navigate-the-landing-page-so-that-i-can-view-the-information;customer-is-tried-to-register-account" time="3.7385008">
        </testcase>
        <testcase name="When I click on &quot;register&quot;" classname="as-a-customer,i-want-to-be-able-to-navigate-the-landing-page-so-that-i-can-view-the-information;customer-is-tried-to-register-account" time="6.0242138">
        </testcase>
        <testcase name="And I enter multiple inputs for the form fields" classname="as-a-customer,i-want-to-be-able-to-navigate-the-landing-page-so-that-i-can-view-the-information;customer-is-tried-to-register-account" time="12.8730731">
        </testcase>
        <testcase name="And I click on &quot;signup1&quot;" classname="as-a-customer,i-want-to-be-able-to-navigate-the-landing-page-so-that-i-can-view-the-information;customer-is-tried-to-register-account" time="6.0167163">
        </testcase>
        <testcase name="Then I should see &quot;invalidmsg&quot;" classname="as-a-customer,i-want-to-be-able-to-navigate-the-landing-page-so-that-i-can-view-the-information;customer-is-tried-to-register-account" time="4.0106182">
        </testcase>
    </testsuite>
</testsuites>